0.000000 0.000000 0.000000
0.000000 0.064114 0.000000
0.000000 0.128228 0.000000
0.000000 0.192342 0.000000
0.000000 0.256457 0.000000
0.000000 0.320571 0.000000
0.000000 0.384685 0.000000
0.000000 0.448799 0.000000
0.000000 0.512913 0.000000
0.000000 0.577027 0.000000
0.000000 0.641141 0.000000
0.000000 0.705255 0.000000
0.000000 0.769370 0.000000
0.000000 0.833484 0.000000
0.000000 0.897598 0.000000
0.000000 0.961712 0.000000
0.000000 1.025826 0.000000
0.000000 1.089940 0.000000
0.000000 1.154054 0.000000
0.000000 1.218169 0.000000
0.000000 1.282283 0.000000
0.000000 1.346397 0.000000
0.000000 1.410511 0.000000
0.000000 1.474625 0.000000
0.000000 1.538739 0.000000
0.000000 1.602853 0.000000
0.000000 1.666968 0.000000
0.000000 1.731082 0.000000
0.000000 1.795196 0.000000
0.000000 1.859310 0.000000
0.000000 1.923424 0.000000
0.000000 1.987538 0.000000
0.000000 2.051652 0.000000
0.000000 2.115766 0.000000
0.000000 2.179881 0.000000
0.000000 2.243995 0.000000
0.000000 2.308109 0.000000
0.000000 2.372223 0.000000
0.000000 2.436337 0.000000
0.000000 2.500451 0.000000
0.000000 2.564565 0.000000
0.000000 2.628680 0.000000
0.000000 2.692794 0.000000
0.000000 2.756908 0.000000
0.000000 2.821022 0.000000
0.000000 2.885136 0.000000
0.000000 2.949250 0.000000
0.000000 3.013364 0.000000
0.000000 3.077479 0.000000
0.000000 3.141593 0.000000
0.064114 0.000000 0.000000
0.064114 0.064114 0.000024
0.064114 0.128228 0.000050
0.064114 0.192342 0.000079
0.064114 0.256457 0.000112
0.064114 0.320571 0.000150
0.064114 0.384685 0.000194
0.064114 0.448799 0.000247
0.064114 0.512913 0.000308
0.064114 0.577027 0.000378
0.064114 0.641141 0.000458
0.064114 0.705255 0.000547
0.064114 0.769370 0.000645
0.064114 0.833484 0.000751
0.064114 0.897598 0.000863
0.064114 0.961712 0.000979
0.064114 1.025826 0.001098
0.064114 1.089940 0.001215
0.064114 1.154054 0.001328
0.064114 1.218169 0.001432
0.064114 1.282283 0.001526
0.064114 1.346397 0.001606
0.064114 1.410511 0.001668
0.064114 1.474625 0.001711
0.064114 1.538739 0.001733
0.064114 1.602853 0.001733
0.064114 1.666968 0.001711
0.064114 1.731082 0.001668
0.064114 1.795196 0.001606
0.064114 1.859310 0.001526
0.064114 1.923424 0.001432
0.064114 1.987538 0.001328
0.064114 2.051652 0.001215
0.064114 2.115766 0.001098
0.064114 2.179881 0.000979
0.064114 2.243995 0.000863
0.064114 2.308109 0.000751
0.064114 2.372223 0.000645
0.064114 2.436337 0.000547
0.064114 2.500451 0.000458
0.064114 2.564565 0.000378
0.064114 2.628680 0.000308
0.064114 2.692794 0.000247
0.064114 2.756908 0.000194
0.064114 2.821022 0.000150
0.064114 2.885136 0.000112
0.064114 2.949250 0.000079
0.064114 3.013364 0.000050
0.064114 3.077479 0.000024
0.064114 3.141593 0.000000
0.128228 0.000000 0.000000
0.128228 0.064114 0.000050
0.128228 0.128228 0.000103
0.128228 0.192342 0.000162
0.128228 0.256457 0.000230
0.128228 0.320571 0.000308
0.128228 0.384685 0.000400
0.128228 0.448799 0.000508
0.128228 0.512913 0.000633
0.128228 0.577027 0.000777
0.128228 0.641141 0.000941
0.128228 0.705255 0.001125
0.128228 0.769370 0.001326
0.128228 0.833484 0.001544
0.128228 0.897598 0.001775
0.128228 0.961712 0.002014
0.128228 1.025826 0.002258
0.128228 1.089940 0.002499
0.128228 1.154054 0.002730
0.128228 1.218169 0.002946
0.128228 1.282283 0.003139
0.128228 1.346397 0.003302
0.128228 1.410511 0.003430
0.128228 1.474625 0.003519
0.128228 1.538739 0.003563
0.128228 1.602853 0.003563
0.128228 1.666968 0.003519
0.128228 1.731082 0.003430
0.128228 1.795196 0.003302
0.128228 1.859310 0.003139
0.128228 1.923424 0.002946
0.128228 1.987538 0.002730
0.128228 2.051652 0.002499
0.128228 2.115766 0.002258
0.128228 2.179881 0.002014
0.128228 2.243995 0.001775
0.128228 2.308109 0.001544
0.128228 2.372223 0.001326
0.128228 2.436337 0.001125
0.128228 2.500451 0.000941
0.128228 2.564565 0.000777
0.128228 2.628680 0.000633
0.128228 2.692794 0.000508
0.128228 2.756908 0.000400
0.128228 2.821022 0.000308
0.128228 2.885136 0.000230
0.128228 2.949250 0.000162
0.128228 3.013364 0.000103
0.128228 3.077479 0.000050
0.128228 3.141593 0.000000
0.192342 0.000000 0.000000
0.192342 0.064114 0.000079
0.192342 0.128228 0.000162
0.192342 0.192342 0.000255
0.192342 0.256457 0.000360
0.192342 0.320571 0.000483
0.192342 0.384685 0.000627
0.192342 0.448799 0.000797
0.192342 0.512913 0.000993
0.192342 0.577027 0.001220
0.192342 0.641141 0.001477
0.192342 0.705255 0.001764
0.192342 0.769370 0.002080
0.192342 0.833484 0.002422
0.192342 0.897598 0.002784
0.192342 0.961712 0.003160
0.192342 1.025826 0.003542
0.192342 1.089940 0.003920
0.192342 1.154054 0.004283
0.192342 1.218169 0.004622
0.192342 1.282283 0.004924
0.192342 1.346397 0.005181
0.192342 1.410511 0.005381
0.192342 1.474625 0.005520
0.192342 1.538739 0.005590
0.192342 1.602853 0.005590
0.192342 1.666968 0.005520
0.192342 1.731082 0.005381
0.192342 1.795196 0.005181
0.192342 1.859310 0.004924
0.192342 1.923424 0.004622
0.192342 1.987538 0.004283
0.192342 2.051652 0.003920
0.192342 2.115766 0.003542
0.192342 2.179881 0.003160
0.192342 2.243995 0.002784
0.192342 2.308109 0.002422
0.192342 2.372223 0.002080
0.192342 2.436337 0.001764
0.192342 2.500451 0.001477
0.192342 2.564565 0.001220
0.192342 2.628680 0.000993
0.192342 2.692794 0.000797
0.192342 2.756908 0.000627
0.192342 2.821022 0.000483
0.192342 2.885136 0.000360
0.192342 2.949250 0.000255
0.192342 3.013364 0.000162
0.192342 3.077479 0.000079
0.192342 3.141593 0.000000
0.256457 0.000000 0.000000
0.256457 0.064114 0.000112
0.256457 0.128228 0.000230
0.256457 0.192342 0.000360
0.256457 0.256457 0.000510
0.256457 0.320571 0.000684
0.256457 0.384685 0.000888
0.256457 0.448799 0.001127
0.256457 0.512913 0.001405
0.256457 0.577027 0.001725
0.256457 0.641141 0.002089
0.256457 0.705255 0.002496
0.256457 0.769370 0.002943
0.256457 0.833484 0.003426
0.256457 0.897598 0.003939
0.256457 0.961712 0.004470
0.256457 1.025826 0.005010
0.256457 1.089940 0.005545
0.256457 1.154054 0.006059
0.256457 1.218169 0.006538
0.256457 1.282283 0.006966
0.256457 1.346397 0.007329
0.256457 1.410511 0.007613
0.256457 1.474625 0.007808
0.256457 1.538739 0.007908
0.256457 1.602853 0.007908
0.256457 1.666968 0.007808
0.256457 1.731082 0.007613
0.256457 1.795196 0.007329
0.256457 1.859310 0.006966
0.256457 1.923424 0.006538
0.256457 1.987538 0.006059
0.256457 2.051652 0.005545
0.256457 2.115766 0.005010
0.256457 2.179881 0.004470
0.256457 2.243995 0.003939
0.256457 2.308109 0.003426
0.256457 2.372223 0.002943
0.256457 2.436337 0.002496
0.256457 2.500451 0.002089
0.256457 2.564565 0.001725
0.256457 2.628680 0.001405
0.256457 2.692794 0.001127
0.256457 2.756908 0.000888
0.256457 2.821022 0.000684
0.256457 2.885136 0.000510
0.256457 2.949250 0.000360
0.256457 3.013364 0.000230
0.256457 3.077479 0.000112
0.256457 3.141593 0.000000
0.320571 0.000000 0.000000
0.320571 0.064114 0.000150
0.320571 0.128228 0.000308
0.320571 0.192342 0.000483
0.320571 0.256457 0.000684
0.320571 0.320571 0.000917
0.320571 0.384685 0.001191
0.320571 0.448799 0.001512
0.320571 0.512913 0.001885
0.320571 0.577027 0.002314
0.320571 0.641141 0.002802
0.320571 0.705255 0.003348
0.320571 0.769370 0.003948
0.320571 0.833484 0.004596
0.320571 0.897598 0.005283
0.320571 0.961712 0.005997
0.320571 1.025826 0.006721
0.320571 1.089940 0.007438
0.320571 1.154054 0.008128
0.320571 1.218169 0.008771
0.320571 1.282283 0.009345
0.320571 1.346397 0.009831
0.320571 1.410511 0.010212
0.320571 1.474625 0.010475
0.320571 1.538739 0.010608
0.320571 1.602853 0.010608
0.320571 1.666968 0.010475
0.320571 1.731082 0.010212
0.320571 1.795196 0.009831
0.320571 1.859310 0.009345
0.320571 1.923424 0.008771
0.320571 1.987538 0.008128
0.320571 2.051652 0.007438
0.320571 2.115766 0.006721
0.320571 2.179881 0.005997
0.320571 2.243995 0.005283
0.320571 2.308109 0.004596
0.320571 2.372223 0.003948
0.320571 2.436337 0.003348
0.320571 2.500451 0.002802
0.320571 2.564565 0.002314
0.320571 2.628680 0.001885
0.320571 2.692794 0.001512
0.320571 2.756908 0.001191
0.320571 2.821022 0.000917
0.320571 2.885136 0.000684
0.320571 2.949250 0.000483
0.320571 3.013364 0.000308
0.320571 3.077479 0.000150
0.320571 3.141593 0.000000
0.384685 0.000000 0.000000
0.384685 0.064114 0.000194
0.384685 0.128228 0.000400
0.384685 0.192342 0.000627
0.384685 0.256457 0.000888
0.384685 0.320571 0.001191
0.384685 0.384685 0.001546
0.384685 0.448799 0.001963
0.384685 0.512913 0.002448
0.384685 0.577027 0.003006
0.384685 0.641141 0.003639
0.384685 0.705255 0.004348
0.384685 0.769370 0.005127
0.384685 0.833484 0.005969
0.384685 0.897598 0.006861
0.384685 0.961712 0.007788
0.384685 1.025826 0.008729
0.384685 1.089940 0.009660
0.384685 1.154054 0.010556
0.384685 1.218169 0.011390
0.384685 1.282283 0.012136
0.384685 1.346397 0.012767
0.384685 1.410511 0.013262
0.384685 1.474625 0.013603
0.384685 1.538739 0.013777
0.384685 1.602853 0.013777
0.384685 1.666968 0.013603
0.384685 1.731082 0.013262
0.384685 1.795196 0.012767
0.384685 1.859310 0.012136
0.384685 1.923424 0.011390
0.384685 1.987538 0.010556
0.384685 2.051652 0.009660
0.384685 2.115766 0.008729
0.384685 2.179881 0.007788
0.384685 2.243995 0.006861
0.384685 2.308109 0.005969
0.384685 2.372223 0.005127
0.384685 2.436337 0.004348
0.384685 2.500451 0.003639
0.384685 2.564565 0.003006
0.384685 2.628680 0.002448
0.384685 2.692794 0.001963
0.384685 2.756908 0.001546
0.384685 2.821022 0.001191
0.384685 2.885136 0.000888
0.384685 2.949250 0.000627
0.384685 3.013364 0.000400
0.384685 3.077479 0.000194
0.384685 3.141593 0.000000
0.448799 0.000000 0.000000
0.448799 0.064114 0.000247
0.448799 0.128228 0.000508
0.448799 0.192342 0.000797
0.448799 0.256457 0.001127
0.448799 0.320571 0.001512
0.448799 0.384685 0.001963
0.448799 0.448799 0.002492
0.448799 0.512913 0.003107
0.448799 0.577027 0.003815
0.448799 0.641141 0.004620
0.448799 0.705255 0.005519
0.448799 0.769370 0.006508
0.448799 0.833484 0.007577
0.448799 0.897598 0.008710
0.448799 0.961712 0.009886
0.448799 1.025826 0.011081
0.448799 1.089940 0.012263
0.448799 1.154054 0.013400
0.448799 1.218169 0.014459
0.448799 1.282283 0.015406
0.448799 1.346397 0.016207
0.448799 1.410511 0.016836
0.448799 1.474625 0.017268
0.448799 1.538739 0.017489
0.448799 1.602853 0.017489
0.448799 1.666968 0.017268
0.448799 1.731082 0.016836
0.448799 1.795196 0.016207
0.448799 1.859310 0.015406
0.448799 1.923424 0.014459
0.448799 1.987538 0.013400
0.448799 2.051652 0.012263
0.448799 2.115766 0.011081
0.448799 2.179881 0.009886
0.448799 2.243995 0.008710
0.448799 2.308109 0.007577
0.448799 2.372223 0.006508
0.448799 2.436337 0.005519
0.448799 2.500451 0.004620
0.448799 2.564565 0.003815
0.448799 2.628680 0.003107
0.448799 2.692794 0.002492
0.448799 2.756908 0.001963
0.448799 2.821022 0.001512
0.448799 2.885136 0.001127
0.448799 2.949250 0.000797
0.448799 3.013364 0.000508
0.448799 3.077479 0.000247
0.448799 3.141593 0.000000
0.512913 0.000000 0.000000
0.512913 0.064114 0.000308
0.512913 0.128228 0.000633
0.512913 0.192342 0.000993
0.512913 0.256457 0.001405
0.512913 0.320571 0.001885
0.512913 0.384685 0.002448
0.512913 0.448799 0.003107
0.512913 0.512913 0.003875
0.512913 0.577027 0.004758
0.512913 0.641141 0.005760
0.512913 0.705255 0.006882
0.512913 0.769370 0.008115
0.512913 0.833484 0.009448
0.512913 0.897598 0.010861
0.512913 0.961712 0.012328
0.512913 1.025826 0.013817
0.512913 1.089940 0.015291
0.512913 1.154054 0.016709
0.512913 1.218169 0.018030
0.512913 1.282283 0.019210
0.512913 1.346397 0.020209
0.512913 1.410511 0.020993
0.512913 1.474625 0.021532
0.512913 1.538739 0.021807
0.512913 1.602853 0.021807
0.512913 1.666968 0.021532
0.512913 1.731082 0.020993
0.512913 1.795196 0.020209
0.512913 1.859310 0.019210
0.512913 1.923424 0.018030
0.512913 1.987538 0.016709
0.512913 2.051652 0.015291
0.512913 2.115766 0.013817
0.512913 2.179881 0.012328
0.512913 2.243995 0.010861
0.512913 2.308109 0.009448
0.512913 2.372223 0.008115
0.512913 2.436337 0.006882
0.512913 2.500451 0.005760
0.512913 2.564565 0.004758
0.512913 2.628680 0.003875
0.512913 2.692794 0.003107
0.512913 2.756908 0.002448
0.512913 2.821022 0.001885
0.512913 2.885136 0.001405
0.512913 2.949250 0.000993
0.512913 3.013364 0.000633
0.512913 3.077479 0.000308
0.512913 3.141593 0.000000
0.577027 0.000000 0.000000
0.577027 0.064114 0.000378
0.577027 0.128228 0.000777
0.577027 0.192342 0.001220
0.577027 0.256457 0.001725
0.577027 0.320571 0.002314
0.577027 0.384685 0.003006
0.577027 0.448799 0.003815
0.577027 0.512913 0.004758
0.577027 0.577027 0.005842
0.577027 0.641141 0.007073
0.577027 0.705255 0.008450
0.577027 0.769370 0.009965
0.577027 0.833484 0.011601
0.577027 0.897598 0.013336
0.577027 0.961712 0.015137
0.577027 1.025826 0.016965
0.577027 1.089940 0.018776
0.577027 1.154054 0.020517
0.577027 1.218169 0.022139
0.577027 1.282283 0.023588
0.577027 1.346397 0.024815
0.577027 1.410511 0.025777
0.577027 1.474625 0.026440
0.577027 1.538739 0.026777
0.577027 1.602853 0.026777
0.577027 1.666968 0.026440
0.577027 1.731082 0.025777
0.577027 1.795196 0.024815
0.577027 1.859310 0.023588
0.577027 1.923424 0.022139
0.577027 1.987538 0.020517
0.577027 2.051652 0.018776
0.577027 2.115766 0.016965
0.577027 2.179881 0.015137
0.577027 2.243995 0.013336
0.577027 2.308109 0.011601
0.577027 2.372223 0.009965
0.577027 2.436337 0.008450
0.577027 2.500451 0.007073
0.577027 2.564565 0.005842
0.577027 2.628680 0.004758
0.577027 2.692794 0.003815
0.577027 2.756908 0.003006
0.577027 2.821022 0.002314
0.577027 2.885136 0.001725
0.577027 2.949250 0.001220
0.577027 3.013364 0.000777
0.577027 3.077479 0.000378
0.577027 3.141593 0.000000
0.641141 0.000000 0.000000
0.641141 0.064114 0.000458
0.641141 0.128228 0.000941
0.641141 0.192342 0.001477
0.641141 0.256457 0.002089
0.641141 0.320571 0.002802
0.641141 0.384685 0.003639
0.641141 0.448799 0.004620
0.641141 0.512913 0.005760
0.641141 0.577027 0.007073
0.641141 0.641141 0.008564
0.641141 0.705255 0.010231
0.641141 0.769370 0.012065
0.641141 0.833484 0.014046
0.641141 0.897598 0.016147
0.641141 0.961712 0.018327
0.641141 1.025826 0.020541
0.641141 1.089940 0.022733
0.641141 1.154054 0.024842
0.641141 1.218169 0.026805
0.641141 1.282283 0.028559
0.641141 1.346397 0.030045
0.641141 1.410511 0.031210
0.641141 1.474625 0.032012
0.641141 1.538739 0.032421
0.641141 1.602853 0.032421
0.641141 1.666968 0.032012
0.641141 1.731082 0.031210
0.641141 1.795196 0.030045
0.641141 1.859310 0.028559
0.641141 1.923424 0.026805
0.641141 1.987538 0.024842
0.641141 2.051652 0.022733
0.641141 2.115766 0.020541
0.641141 2.179881 0.018327
0.641141 2.243995 0.016147
0.641141 2.308109 0.014046
0.641141 2.372223 0.012065
0.641141 2.436337 0.010231
0.641141 2.500451 0.008564
0.641141 2.564565 0.007073
0.641141 2.628680 0.005760
0.641141 2.692794 0.004620
0.641141 2.756908 0.003639
0.641141 2.821022 0.002802
0.641141 2.885136 0.002089
0.641141 2.949250 0.001477
0.641141 3.013364 0.000941
0.641141 3.077479 0.000458
0.641141 3.141593 0.000000
0.705255 0.000000 0.000000
0.705255 0.064114 0.000547
0.705255 0.128228 0.001125
0.705255 0.192342 0.001764
0.705255 0.256457 0.002496
0.705255 0.320571 0.003348
0.705255 0.384685 0.004348
0.705255 0.448799 0.005519
0.705255 0.512913 0.006882
0.705255 0.577027 0.008450
0.705255 0.641141 0.010231
0.705255 0.705255 0.012223
0.705255 0.769370 0.014414
0.705255 0.833484 0.016781
0.705255 0.897598 0.019290
0.705255 0.961712 0.021895
0.705255 1.025826 0.024540
0.705255 1.089940 0.027158
0.705255 1.154054 0.029678
0.705255 1.218169 0.032023
0.705255 1.282283 0.034119
0.705255 1.346397 0.035894
0.705255 1.410511 0.037286
0.705255 1.474625 0.038244
0.705255 1.538739 0.038732
0.705255 1.602853 0.038732
0.705255 1.666968 0.038244
0.705255 1.731082 0.037286
0.705255 1.795196 0.035894
0.705255 1.859310 0.034119
0.705255 1.923424 0.032023
0.705255 1.987538 0.029678
0.705255 2.051652 0.027158
0.705255 2.115766 0.024540
0.705255 2.179881 0.021895
0.705255 2.243995 0.019290
0.705255 2.308109 0.016781
0.705255 2.372223 0.014414
0.705255 2.436337 0.012223
0.705255 2.500451 0.010231
0.705255 2.564565 0.008450
0.705255 2.628680 0.006882
0.705255 2.692794 0.005519
0.705255 2.756908 0.004348
0.705255 2.821022 0.003348
0.705255 2.885136 0.002496
0.705255 2.949250 0.001764
0.705255 3.013364 0.001125
0.705255 3.077479 0.000547
0.705255 3.141593 0.000000
0.769370 0.000000 0.000000
0.769370 0.064114 0.000645
0.769370 0.128228 0.001326
0.769370 0.192342 0.002080
0.769370 0.256457 0.002943
0.769370 0.320571 0.003948
0.769370 0.384685 0.005127
0.769370 0.448799 0.006508
0.769370 0.512913 0.008115
0.769370 0.577027 0.009965
0.769370 0.641141 0.012065
0.769370 0.705255 0.014414
0.769370 0.769370 0.016997
0.769370 0.833484 0.019789
0.769370 0.897598 0.022748
0.769370 0.961712 0.025820
0.769370 1.025826 0.028939
0.769370 1.089940 0.032026
0.769370 1.154054 0.034998
0.769370 1.218169 0.037763
0.769370 1.282283 0.040235
0.769370 1.346397 0.042328
0.769370 1.410511 0.043970
0.769370 1.474625 0.045100
0.769370 1.538739 0.045675
0.769370 1.602853 0.045675
0.769370 1.666968 0.045100
0.769370 1.731082 0.043970
0.769370 1.795196 0.042328
0.769370 1.859310 0.040235
0.769370 1.923424 0.037763
0.769370 1.987538 0.034998
0.769370 2.051652 0.032026
0.769370 2.115766 0.028939
0.769370 2.179881 0.025820
0.769370 2.243995 0.022748
0.769370 2.308109 0.019789
0.769370 2.372223 0.016997
0.769370 2.436337 0.014414
0.769370 2.500451 0.012065
0.769370 2.564565 0.009965
0.769370 2.628680 0.008115
0.769370 2.692794 0.006508
0.769370 2.756908 0.005127
0.769370 2.821022 0.003948
0.769370 2.885136 0.002943
0.769370 2.949250 0.002080
0.769370 3.013364 0.001326
0.769370 3.077479 0.000645
0.769370 3.141593 0.000000
0.833484 0.000000 0.000000
0.833484 0.064114 0.000751
0.833484 0.128228 0.001544
0.833484 0.192342 0.002422
0.833484 0.256457 0.003426
0.833484 0.320571 0.004596
0.833484 0.384685 0.005969
0.833484 0.448799 0.007577
0.833484 0.512913 0.009448
0.833484 0.577027 0.011601
0.833484 0.641141 0.014046
0.833484 0.705255 0.016781
0.833484 0.769370 0.019789
0.833484 0.833484 0.023039
0.833484 0.897598 0.026484
0.833484 0.961712 0.030061
0.833484 1.025826 0.033692
0.833484 1.089940 0.037286
0.833484 1.154054 0.040746
0.833484 1.218169 0.043966
0.833484 1.282283 0.046843
0.833484 1.346397 0.049280
0.833484 1.410511 0.051191
0.833484 1.474625 0.052507
0.833484 1.538739 0.053177
0.833484 1.602853 0.053177
0.833484 1.666968 0.052507
0.833484 1.731082 0.051191
0.833484 1.795196 0.049280
0.833484 1.859310 0.046843
0.833484 1.923424 0.043966
0.833484 1.987538 0.040746
0.833484 2.051652 0.037286
0.833484 2.115766 0.033692
0.833484 2.179881 0.030061
0.833484 2.243995 0.026484
0.833484 2.308109 0.023039
0.833484 2.372223 0.019789
0.833484 2.436337 0.016781
0.833484 2.500451 0.014046
0.833484 2.564565 0.011601
0.833484 2.628680 0.009448
0.833484 2.692794 0.007577
0.833484 2.756908 0.005969
0.833484 2.821022 0.004596
0.833484 2.885136 0.003426
0.833484 2.949250 0.002422
0.833484 3.013364 0.001544
0.833484 3.077479 0.000751
0.833484 3.141593 0.000000
0.897598 0.000000 0.000000
0.897598 0.064114 0.000863
0.897598 0.128228 0.001775
0.897598 0.192342 0.002784
0.897598 0.256457 0.003939
0.897598 0.320571 0.005283
0.897598 0.384685 0.006861
0.897598 0.448799 0.008710
0.897598 0.512913 0.010861
0.897598 0.577027 0.013336
0.897598 0.641141 0.016147
0.897598 0.705255 0.019290
0.897598 0.769370 0.022748
0.897598 0.833484 0.026484
0.897598 0.897598 0.030444
0.897598 0.961712 0.034556
0.897598 1.025826 0.038730
0.897598 1.089940 0.042862
0.897598 1.154054 0.046838
0.897598 1.218169 0.050540
0.897598 1.282283 0.053847
0.897598 1.346397 0.056649
0.897598 1.410511 0.058846
0.897598 1.474625 0.060358
0.897598 1.538739 0.061128
0.897598 1.602853 0.061128
0.897598 1.666968 0.060358
0.897598 1.731082 0.058846
0.897598 1.795196 0.056649
0.897598 1.859310 0.053847
0.897598 1.923424 0.050540
0.897598 1.987538 0.046838
0.897598 2.051652 0.042862
0.897598 2.115766 0.038730
0.897598 2.179881 0.034556
0.897598 2.243995 0.030444
0.897598 2.308109 0.026484
0.897598 2.372223 0.022748
0.897598 2.436337 0.019290
0.897598 2.500451 0.016147
0.897598 2.564565 0.013336
0.897598 2.628680 0.010861
0.897598 2.692794 0.008710
0.897598 2.756908 0.006861
0.897598 2.821022 0.005283
0.897598 2.885136 0.003939
0.897598 2.949250 0.002784
0.897598 3.013364 0.001775
0.897598 3.077479 0.000863
0.897598 3.141593 0.000000
0.961712 0.000000 0.000000
0.961712 0.064114 0.000979
0.961712 0.128228 0.002014
0.961712 0.192342 0.003160
0.961712 0.256457 0.004470
0.961712 0.320571 0.005997
0.961712 0.384685 0.007788
0.961712 0.448799 0.009886
0.961712 0.512913 0.012328
0.961712 0.577027 0.015137
0.961712 0.641141 0.018327
0.961712 0.705255 0.021895
0.961712 0.769370 0.025820
0.961712 0.833484 0.030061
0.961712 0.897598 0.034556
0.961712 0.961712 0.039223
0.961712 1.025826 0.043960
0.961712 1.089940 0.048650
0.961712 1.154054 0.053164
0.961712 1.218169 0.057365
0.961712 1.282283 0.061120
0.961712 1.346397 0.064300
0.961712 1.410511 0.066793
0.961712 1.474625 0.068509
0.961712 1.538739 0.069384
0.961712 1.602853 0.069384
0.961712 1.666968 0.068509
0.961712 1.731082 0.066793
0.961712 1.795196 0.064300
0.961712 1.859310 0.061120
0.961712 1.923424 0.057365
0.961712 1.987538 0.053164
0.961712 2.051652 0.048650
0.961712 2.115766 0.043960
0.961712 2.179881 0.039223
0.961712 2.243995 0.034556
0.961712 2.308109 0.030061
0.961712 2.372223 0.025820
0.961712 2.436337 0.021895
0.961712 2.500451 0.018327
0.961712 2.564565 0.015137
0.961712 2.628680 0.012328
0.961712 2.692794 0.009886
0.961712 2.756908 0.007788
0.961712 2.821022 0.005997
0.961712 2.885136 0.004470
0.961712 2.949250 0.003160
0.961712 3.013364 0.002014
0.961712 3.077479 0.000979
0.961712 3.141593 0.000000
1.025826 0.000000 0.000000
1.025826 0.064114 0.001098
1.025826 0.128228 0.002258
1.025826 0.192342 0.003542
1.025826 0.256457 0.005010
1.025826 0.320571 0.006721
1.025826 0.384685 0.008729
1.025826 0.448799 0.011081
1.025826 0.512913 0.013817
1.025826 0.577027 0.016965
1.025826 0.641141 0.020541
1.025826 0.705255 0.024540
1.025826 0.769370 0.028939
1.025826 0.833484 0.033692
1.025826 0.897598 0.038730
1.025826 0.961712 0.043960
1.025826 1.025826 0.049270
1.025826 1.089940 0.054526
1.025826 1.154054 0.059585
1.025826 1.218169 0.064294
1.025826 1.282283 0.068502
1.025826 1.346397 0.072066
1.025826 1.410511 0.074861
1.025826 1.474625 0.076784
1.025826 1.538739 0.077764
1.025826 1.602853 0.077764
1.025826 1.666968 0.076784
1.025826 1.731082 0.074861
1.025826 1.795196 0.072066
1.025826 1.859310 0.068502
1.025826 1.923424 0.064294
1.025826 1.987538 0.059585
1.025826 2.051652 0.054526
1.025826 2.115766 0.049270
1.025826 2.179881 0.043960
1.025826 2.243995 0.038730
1.025826 2.308109 0.033692
1.025826 2.372223 0.028939
1.025826 2.436337 0.024540
1.025826 2.500451 0.020541
1.025826 2.564565 0.016965
1.025826 2.628680 0.013817
1.025826 2.692794 0.011081
1.025826 2.756908 0.008729
1.025826 2.821022 0.006721
1.025826 2.885136 0.005010
1.025826 2.949250 0.003542
1.025826 3.013364 0.002258
1.025826 3.077479 0.001098
1.025826 3.141593 0.000000
1.089940 0.000000 0.000000
1.089940 0.064114 0.001215
1.089940 0.128228 0.002499
1.089940 0.192342 0.003920
1.089940 0.256457 0.005545
1.089940 0.320571 0.007438
1.089940 0.384685 0.009660
1.089940 0.448799 0.012263
1.089940 0.512913 0.015291
1.089940 0.577027 0.018776
1.089940 0.641141 0.022733
1.089940 0.705255 0.027158
1.089940 0.769370 0.032026
1.089940 0.833484 0.037286
1.089940 0.897598 0.042862
1.089940 0.961712 0.048650
1.089940 1.025826 0.054526
1.089940 1.089940 0.060344
1.089940 1.154054 0.065942
1.089940 1.218169 0.071153
1.089940 1.282283 0.075810
1.089940 1.346397 0.079755
1.089940 1.410511 0.082847
1.089940 1.474625 0.084976
1.089940 1.538739 0.086061
1.089940 1.602853 0.086061
1.089940 1.666968 0.084976
1.089940 1.731082 0.082847
1.089940 1.795196 0.079755
1.089940 1.859310 0.075810
1.089940 1.923424 0.071153
1.089940 1.987538 0.065942
1.089940 2.051652 0.060344
1.089940 2.115766 0.054526
1.089940 2.179881 0.048650
1.089940 2.243995 0.042862
1.089940 2.308109 0.037286
1.089940 2.372223 0.032026
1.089940 2.436337 0.027158
1.089940 2.500451 0.022733
1.089940 2.564565 0.018776
1.089940 2.628680 0.015291
1.089940 2.692794 0.012263
1.089940 2.756908 0.009660
1.089940 2.821022 0.007438
1.089940 2.885136 0.005545
1.089940 2.949250 0.003920
1.089940 3.013364 0.002499
1.089940 3.077479 0.001215
1.089940 3.141593 0.000000
1.154054 0.000000 0.000000
1.154054 0.064114 0.001328
1.154054 0.128228 0.002730
1.154054 0.192342 0.004283
1.154054 0.256457 0.006059
1.154054 0.320571 0.008128
1.154054 0.384685 0.010556
1.154054 0.448799 0.013400
1.154054 0.512913 0.016709
1.154054 0.577027 0.020517
1.154054 0.641141 0.024842
1.154054 0.705255 0.029678
1.154054 0.769370 0.034998
1.154054 0.833484 0.040746
1.154054 0.897598 0.046838
1.154054 0.961712 0.053164
1.154054 1.025826 0.059585
1.154054 1.089940 0.065942
1.154054 1.154054 0.072060
1.154054 1.218169 0.077754
1.154054 1.282283 0.082843
1.154054 1.346397 0.087154
1.154054 1.410511 0.090534
1.154054 1.474625 0.092860
1.154054 1.538739 0.094045
1.154054 1.602853 0.094045
1.154054 1.666968 0.092860
1.154054 1.731082 0.090534
1.154054 1.795196 0.087154
1.154054 1.859310 0.082843
1.154054 1.923424 0.077754
1.154054 1.987538 0.072060
1.154054 2.051652 0.065942
1.154054 2.115766 0.059585
1.154054 2.179881 0.053164
1.154054 2.243995 0.046838
1.154054 2.308109 0.040746
1.154054 2.372223 0.034998
1.154054 2.436337 0.029678
1.154054 2.500451 0.024842
1.154054 2.564565 0.020517
1.154054 2.628680 0.016709
1.154054 2.692794 0.013400
1.154054 2.756908 0.010556
1.154054 2.821022 0.008128
1.154054 2.885136 0.006059
1.154054 2.949250 0.004283
1.154054 3.013364 0.002730
1.154054 3.077479 0.001328
1.154054 3.141593 0.000000
1.218169 0.000000 0.000000
1.218169 0.064114 0.001432
1.218169 0.128228 0.002946
1.218169 0.192342 0.004622
1.218169 0.256457 0.006538
1.218169 0.320571 0.008771
1.218169 0.384685 0.011390
1.218169 0.448799 0.014459
1.218169 0.512913 0.018030
1.218169 0.577027 0.022139
1.218169 0.641141 0.026805
1.218169 0.705255 0.032023
1.218169 0.769370 0.037763
1.218169 0.833484 0.043966
1.218169 0.897598 0.050540
1.218169 0.961712 0.057365
1.218169 1.025826 0.064294
1.218169 1.089940 0.071153
1.218169 1.154054 0.077754
1.218169 1.218169 0.083899
1.218169 1.282283 0.089390
1.218169 1.346397 0.094041
1.218169 1.410511 0.097688
1.218169 1.474625 0.100198
1.218169 1.538739 0.101477
1.218169 1.602853 0.101477
1.218169 1.666968 0.100198
1.218169 1.731082 0.097688
1.218169 1.795196 0.094041
1.218169 1.859310 0.089390
1.218169 1.923424 0.083899
1.218169 1.987538 0.077754
1.218169 2.051652 0.071153
1.218169 2.115766 0.064294
1.218169 2.179881 0.057365
1.218169 2.243995 0.050540
1.218169 2.308109 0.043966
1.218169 2.372223 0.037763
1.218169 2.436337 0.032023
1.218169 2.500451 0.026805
1.218169 2.564565 0.022139
1.218169 2.628680 0.018030
1.218169 2.692794 0.014459
1.218169 2.756908 0.011390
1.218169 2.821022 0.008771
1.218169 2.885136 0.006538
1.218169 2.949250 0.004622
1.218169 3.013364 0.002946
1.218169 3.077479 0.001432
1.218169 3.141593 0.000000
1.282283 0.000000 0.000000
1.282283 0.064114 0.001526
1.282283 0.128228 0.003139
1.282283 0.192342 0.004924
1.282283 0.256457 0.006966
1.282283 0.320571 0.009345
1.282283 0.384685 0.012136
1.282283 0.448799 0.015406
1.282283 0.512913 0.019210
1.282283 0.577027 0.023588
1.282283 0.641141 0.028559
1.282283 0.705255 0.034119
1.282283 0.769370 0.040235
1.282283 0.833484 0.046843
1.282283 0.897598 0.053847
1.282283 0.961712 0.061120
1.282283 1.025826 0.068502
1.282283 1.089940 0.075810
1.282283 1.154054 0.082843
1.282283 1.218169 0.089390
1.282283 1.282283 0.095240
1.282283 1.346397 0.100196
1.282283 1.410511 0.104082
1.282283 1.474625 0.106756
1.282283 1.538739 0.108118
1.282283 1.602853 0.108118
1.282283 1.666968 0.106756
1.282283 1.731082 0.104082
1.282283 1.795196 0.100196
1.282283 1.859310 0.095240
1.282283 1.923424 0.089390
1.282283 1.987538 0.082843
1.282283 2.051652 0.075810
1.282283 2.115766 0.068502
1.282283 2.179881 0.061120
1.282283 2.243995 0.053847
1.282283 2.308109 0.046843
1.282283 2.372223 0.040235
1.282283 2.436337 0.034119
1.282283 2.500451 0.028559
1.282283 2.564565 0.023588
1.282283 2.628680 0.019210
1.282283 2.692794 0.015406
1.282283 2.756908 0.012136
1.282283 2.821022 0.009345
1.282283 2.885136 0.006966
1.282283 2.949250 0.004924
1.282283 3.013364 0.003139
1.282283 3.077479 0.001526
1.282283 3.141593 0.000000
1.346397 0.000000 0.000000
1.346397 0.064114 0.001606
1.346397 0.128228 0.003302
1.346397 0.192342 0.005181
1.346397 0.256457 0.007329
1.346397 0.320571 0.009831
1.346397 0.384685 0.012767
1.346397 0.448799 0.016207
1.346397 0.512913 0.020209
1.346397 0.577027 0.024815
1.346397 0.641141 0.030045
1.346397 0.705255 0.035894
1.346397 0.769370 0.042328
1.346397 0.833484 0.049280
1.346397 0.897598 0.056649
1.346397 0.961712 0.064300
1.346397 1.025826 0.072066
1.346397 1.089940 0.079755
1.346397 1.154054 0.087154
1.346397 1.218169 0.094041
1.346397 1.282283 0.100196
1.346397 1.346397 0.105409
1.346397 1.410511 0.109497
1.346397 1.474625 0.112310
1.346397 1.538739 0.113744
1.346397 1.602853 0.113744
1.346397 1.666968 0.112310
1.346397 1.731082 0.109497
1.346397 1.795196 0.105409
1.346397 1.859310 0.100196
1.346397 1.923424 0.094041
1.346397 1.987538 0.087154
1.346397 2.051652 0.079755
1.346397 2.115766 0.072066
1.346397 2.179881 0.064300
1.346397 2.243995 0.056649
1.346397 2.308109 0.049280
1.346397 2.372223 0.042328
1.346397 2.436337 0.035894
1.346397 2.500451 0.030045
1.346397 2.564565 0.024815
1.346397 2.628680 0.020209
1.346397 2.692794 0.016207
1.346397 2.756908 0.012767
1.346397 2.821022 0.009831
1.346397 2.885136 0.007329
1.346397 2.949250 0.005181
1.346397 3.013364 0.003302
1.346397 3.077479 0.001606
1.346397 3.141593 0.000000
1.410511 0.000000 0.000000
1.410511 0.064114 0.001668
1.410511 0.128228 0.003430
1.410511 0.192342 0.005381
1.410511 0.256457 0.007613
1.410511 0.320571 0.010212
1.410511 0.384685 0.013262
1.410511 0.448799 0.016836
1.410511 0.512913 0.020993
1.410511 0.577027 0.025777
1.410511 0.641141 0.031210
1.410511 0.705255 0.037286
1.410511 0.769370 0.043970
1.410511 0.833484 0.051191
1.410511 0.897598 0.058846
1.410511 0.961712 0.066793
1.410511 1.025826 0.074861
1.410511 1.089940 0.082848
1.410511 1.154054 0.090534
1.410511 1.218169 0.097688
1.410511 1.282283 0.104082
1.410511 1.346397 0.109497
1.410511 1.410511 0.113744
1.410511 1.474625 0.116666
1.410511 1.538739 0.118155
1.410511 1.602853 0.118155
1.410511 1.666968 0.116666
1.410511 1.731082 0.113744
1.410511 1.795196 0.109497
1.410511 1.859310 0.104082
1.410511 1.923424 0.097688
1.410511 1.987538 0.090534
1.410511 2.051652 0.082848
1.410511 2.115766 0.074861
1.410511 2.179881 0.066793
1.410511 2.243995 0.058846
1.410511 2.308109 0.051191
1.410511 2.372223 0.043970
1.410511 2.436337 0.037286
1.410511 2.500451 0.031210
1.410511 2.564565 0.025777
1.410511 2.628680 0.020993
1.410511 2.692794 0.016836
1.410511 2.756908 0.013262
1.410511 2.821022 0.010212
1.410511 2.885136 0.007613
1.410511 2.949250 0.005381
1.410511 3.013364 0.003430
1.410511 3.077479 0.001668
1.410511 3.141593 0.000000
1.474625 0.000000 0.000000
1.474625 0.064114 0.001711
1.474625 0.128228 0.003519
1.474625 0.192342 0.005520
1.474625 0.256457 0.007808
1.474625 0.320571 0.010475
1.474625 0.384685 0.013603
1.474625 0.448799 0.017268
1.474625 0.512913 0.021532
1.474625 0.577027 0.026440
1.474625 0.641141 0.032012
1.474625 0.705255 0.038244
1.474625 0.769370 0.045100
1.474625 0.833484 0.052507
1.474625 0.897598 0.060358
1.474625 0.961712 0.068509
1.474625 1.025826 0.076784
1.474625 1.089940 0.084976
1.474625 1.154054 0.092860
1.474625 1.218169 0.100198
1.474625 1.282283 0.106756
1.474625 1.346397 0.112311
1.474625 1.410511 0.116666
1.474625 1.474625 0.119663
1.474625 1.538739 0.121191
1.474625 1.602853 0.121191
1.474625 1.666968 0.119663
1.474625 1.731082 0.116666
1.474625 1.795196 0.112311
1.474625 1.859310 0.106756
1.474625 1.923424 0.100198
1.474625 1.987538 0.092860
1.474625 2.051652 0.084976
1.474625 2.115766 0.076784
1.474625 2.179881 0.068509
1.474625 2.243995 0.060358
1.474625 2.308109 0.052507
1.474625 2.372223 0.045100
1.474625 2.436337 0.038244
1.474625 2.500451 0.032012
1.474625 2.564565 0.026440
1.474625 2.628680 0.021532
1.474625 2.692794 0.017268
1.474625 2.756908 0.013603
1.474625 2.821022 0.010475
1.474625 2.885136 0.007808
1.474625 2.949250 0.005520
1.474625 3.013364 0.003519
1.474625 3.077479 0.001711
1.474625 3.141593 0.000000
1.538739 0.000000 0.000000
1.538739 0.064114 0.001733
1.538739 0.128228 0.003564
1.538739 0.192342 0.005590
1.538739 0.256457 0.007908
1.538739 0.320571 0.010608
1.538739 0.384685 0.013777
1.538739 0.448799 0.017489
1.538739 0.512913 0.021807
1.538739 0.577027 0.026777
1.538739 0.641141 0.032421
1.538739 0.705255 0.038732
1.538739 0.769370 0.045675
1.538739 0.833484 0.053177
1.538739 0.897598 0.061128
1.538739 0.961712 0.069384
1.538739 1.025826 0.077764
1.538739 1.089940 0.086061
1.538739 1.154054 0.094045
1.538739 1.218169 0.101477
1.538739 1.282283 0.108119
1.538739 1.346397 0.113744
1.538739 1.410511 0.118155
1.538739 1.474625 0.121191
1.538739 1.538739 0.122738
1.538739 1.602853 0.122738
1.538739 1.666968 0.121191
1.538739 1.731082 0.118155
1.538739 1.795196 0.113744
1.538739 1.859310 0.108119
1.538739 1.923424 0.101477
1.538739 1.987538 0.094045
1.538739 2.051652 0.086061
1.538739 2.115766 0.077764
1.538739 2.179881 0.069384
1.538739 2.243995 0.061128
1.538739 2.308109 0.053177
1.538739 2.372223 0.045675
1.538739 2.436337 0.038732
1.538739 2.500451 0.032421
1.538739 2.564565 0.026777
1.538739 2.628680 0.021807
1.538739 2.692794 0.017489
1.538739 2.756908 0.013777
1.538739 2.821022 0.010608
1.538739 2.885136 0.007908
1.538739 2.949250 0.005590
1.538739 3.013364 0.003564
1.538739 3.077479 0.001733
1.538739 3.141593 0.000000
1.602853 0.000000 0.000000
1.602853 0.064114 0.001733
1.602853 0.128228 0.003564
1.602853 0.192342 0.005590
1.602853 0.256457 0.007908
1.602853 0.320571 0.010608
1.602853 0.384685 0.013777
1.602853 0.448799 0.017489
1.602853 0.512913 0.021807
1.602853 0.577027 0.026777
1.602853 0.641141 0.032421
1.602853 0.705255 0.038732
1.602853 0.769370 0.045675
1.602853 0.833484 0.053177
1.602853 0.897598 0.061129
1.602853 0.961712 0.069384
1.602853 1.025826 0.077764
1.602853 1.089940 0.086061
1.602853 1.154054 0.094045
1.602853 1.218169 0.101477
1.602853 1.282283 0.108119
1.602853 1.346397 0.113744
1.602853 1.410511 0.118155
1.602853 1.474625 0.121191
1.602853 1.538739 0.122738
1.602853 1.602853 0.122738
1.602853 1.666968 0.121191
1.602853 1.731082 0.118155
1.602853 1.795196 0.113744
1.602853 1.859310 0.108119
1.602853 1.923424 0.101477
1.602853 1.987538 0.094045
1.602853 2.051652 0.086061
1.602853 2.115766 0.077764
1.602853 2.179881 0.069384
1.602853 2.243995 0.061129
1.602853 2.308109 0.053177
1.602853 2.372223 0.045675
1.602853 2.436337 0.038732
1.602853 2.500451 0.032421
1.602853 2.564565 0.026777
1.602853 2.628680 0.021807
1.602853 2.692794 0.017489
1.602853 2.756908 0.013777
1.602853 2.821022 0.010608
1.602853 2.885136 0.007908
1.602853 2.949250 0.005590
1.602853 3.013364 0.003564
1.602853 3.077479 0.001733
1.602853 3.141593 0.000000
1.666968 0.000000 0.000000
1.666968 0.064114 0.001711
1.666968 0.128228 0.003519
1.666968 0.192342 0.005520
1.666968 0.256457 0.007808
1.666968 0.320571 0.010475
1.666968 0.384685 0.013603
1.666968 0.448799 0.017268
1.666968 0.512913 0.021533
1.666968 0.577027 0.026440
1.666968 0.641141 0.032012
1.666968 0.705255 0.038244
1.666968 0.769370 0.045100
1.666968 0.833484 0.052507
1.666968 0.897598 0.060358
1.666968 0.961712 0.068510
1.666968 1.025826 0.076784
1.666968 1.089940 0.084976
1.666968 1.154054 0.092860
1.666968 1.218169 0.100198
1.666968 1.282283 0.106756
1.666968 1.346397 0.112311
1.666968 1.410511 0.116666
1.666968 1.474625 0.119664
1.666968 1.538739 0.121191
1.666968 1.602853 0.121191
1.666968 1.666968 0.119664
1.666968 1.731082 0.116666
1.666968 1.795196 0.112311
1.666968 1.859310 0.106756
1.666968 1.923424 0.100198
1.666968 1.987538 0.092860
1.666968 2.051652 0.084976
1.666968 2.115766 0.076784
1.666968 2.179881 0.068510
1.666968 2.243995 0.060358
1.666968 2.308109 0.052507
1.666968 2.372223 0.045100
1.666968 2.436337 0.038244
1.666968 2.500451 0.032012
1.666968 2.564565 0.026440
1.666968 2.628680 0.021533
1.666968 2.692794 0.017268
1.666968 2.756908 0.013603
1.666968 2.821022 0.010475
1.666968 2.885136 0.007808
1.666968 2.949250 0.005520
1.666968 3.013364 0.003519
1.666968 3.077479 0.001711
1.666968 3.141593 0.000000
1.731082 0.000000 0.000000
1.731082 0.064114 0.001668
1.731082 0.128228 0.003430
1.731082 0.192342 0.005382
1.731082 0.256457 0.007613
1.731082 0.320571 0.010212
1.731082 0.384685 0.013262
1.731082 0.448799 0.016836
1.731082 0.512913 0.020993
1.731082 0.577027 0.025778
1.731082 0.641141 0.031210
1.731082 0.705255 0.037286
1.731082 0.769370 0.043970
1.731082 0.833484 0.051192
1.731082 0.897598 0.058846
1.731082 0.961712 0.066794
1.731082 1.025826 0.074861
1.731082 1.089940 0.082848
1.731082 1.154054 0.090534
1.731082 1.218169 0.097689
1.731082 1.282283 0.104082
1.731082 1.346397 0.109498
1.731082 1.410511 0.113744
1.731082 1.474625 0.116666
1.731082 1.538739 0.118156
1.731082 1.602853 0.118156
1.731082 1.666968 0.116666
1.731082 1.731082 0.113744
1.731082 1.795196 0.109498
1.731082 1.859310 0.104082
1.731082 1.923424 0.097689
1.731082 1.987538 0.090534
1.731082 2.051652 0.082848
1.731082 2.115766 0.074861
1.731082 2.179881 0.066794
1.731082 2.243995 0.058846
1.731082 2.308109 0.051192
1.731082 2.372223 0.043970
1.731082 2.436337 0.037286
1.731082 2.500451 0.031210
1.731082 2.564565 0.025778
1.731082 2.628680 0.020993
1.731082 2.692794 0.016836
1.731082 2.756908 0.013262
1.731082 2.821022 0.010212
1.731082 2.885136 0.007613
1.731082 2.949250 0.005382
1.731082 3.013364 0.003430
1.731082 3.077479 0.001668
1.731082 3.141593 0.000000
1.795196 0.000000 0.000000
1.795196 0.064114 0.001606
1.795196 0.128228 0.003302
1.795196 0.192342 0.005181
1.795196 0.256457 0.007329
1.795196 0.320571 0.009831
1.795196 0.384685 0.012767
1.795196 0.448799 0.016207
1.795196 0.512913 0.020210
1.795196 0.577027 0.024815
1.795196 0.641141 0.030045
1.795196 0.705255 0.035895
1.795196 0.769370 0.042329
1.795196 0.833484 0.049281
1.795196 0.897598 0.056650
1.795196 0.961712 0.064300
1.795196 1.025826 0.072066
1.795196 1.089940 0.079755
1.795196 1.154054 0.087154
1.795196 1.218169 0.094042
1.795196 1.282283 0.100197
1.795196 1.346397 0.105410
1.795196 1.410511 0.109498
1.795196 1.474625 0.112311
1.795196 1.538739 0.113745
1.795196 1.602853 0.113745
1.795196 1.666968 0.112311
1.795196 1.731082 0.109498
1.795196 1.795196 0.105410
1.795196 1.859310 0.100197
1.795196 1.923424 0.094042
1.795196 1.987538 0.087154
1.795196 2.051652 0.079755
1.795196 2.115766 0.072066
1.795196 2.179881 0.064300
1.795196 2.243995 0.056650
1.795196 2.308109 0.049281
1.795196 2.372223 0.042329
1.795196 2.436337 0.035895
1.795196 2.500451 0.030045
1.795196 2.564565 0.024815
1.795196 2.628680 0.020210
1.795196 2.692794 0.016207
1.795196 2.756908 0.012767
1.795196 2.821022 0.009831
1.795196 2.885136 0.007329
1.795196 2.949250 0.005181
1.795196 3.013364 0.003302
1.795196 3.077479 0.001606
1.795196 3.141593 0.000000
1.859310 0.000000 0.000000
1.859310 0.064114 0.001526
1.859310 0.128228 0.003139
1.859310 0.192342 0.004924
1.859310 0.256457 0.006966
1.859310 0.320571 0.009345
1.859310 0.384685 0.012136
1.859310 0.448799 0.015406
1.859310 0.512913 0.019210
1.859310 0.577027 0.023588
1.859310 0.641141 0.028559
1.859310 0.705255 0.034119
1.859310 0.769370 0.040235
1.859310 0.833484 0.046844
1.859310 0.897598 0.053848
1.859310 0.961712 0.061121
1.859310 1.025826 0.068503
1.859310 1.089940 0.075811
1.859310 1.154054 0.082844
1.859310 1.218169 0.089391
1.859310 1.282283 0.095242
1.859310 1.346397 0.100197
1.859310 1.410511 0.104083
1.859310 1.474625 0.106757
1.859310 1.538739 0.108120
1.859310 1.602853 0.108120
1.859310 1.666968 0.106757
1.859310 1.731082 0.104083
1.859310 1.795196 0.100197
1.859310 1.859310 0.095242
1.859310 1.923424 0.089391
1.859310 1.987538 0.082844
1.859310 2.051652 0.075811
1.859310 2.115766 0.068503
1.859310 2.179881 0.061121
1.859310 2.243995 0.053848
1.859310 2.308109 0.046844
1.859310 2.372223 0.040235
1.859310 2.436337 0.034119
1.859310 2.500451 0.028559
1.859310 2.564565 0.023588
1.859310 2.628680 0.019210
1.859310 2.692794 0.015406
1.859310 2.756908 0.012136
1.859310 2.821022 0.009345
1.859310 2.885136 0.006966
1.859310 2.949250 0.004924
1.859310 3.013364 0.003139
1.859310 3.077479 0.001526
1.859310 3.141593 0.000000
1.923424 0.000000 0.000000
1.923424 0.064114 0.001432
1.923424 0.128228 0.002946
1.923424 0.192342 0.004622
1.923424 0.256457 0.006538
1.923424 0.320571 0.008771
1.923424 0.384685 0.011391
1.923424 0.448799 0.014460
1.923424 0.512913 0.018030
1.923424 0.577027 0.022139
1.923424 0.641141 0.026805
1.923424 0.705255 0.032024
1.923424 0.769370 0.037764
1.923424 0.833484 0.043967
1.923424 0.897598 0.050541
1.923424 0.961712 0.057367
1.923424 1.025826 0.064295
1.923424 1.089940 0.071155
1.923424 1.154054 0.077756
1.923424 1.218169 0.083901
1.923424 1.282283 0.089392
1.923424 1.346397 0.094044
1.923424 1.410511 0.097691
1.923424 1.474625 0.100201
1.923424 1.538739 0.101480
1.923424 1.602853 0.101480
1.923424 1.666968 0.100201
1.923424 1.731082 0.097691
1.923424 1.795196 0.094044
1.923424 1.859310 0.089392
1.923424 1.923424 0.083901
1.923424 1.987538 0.077756
1.923424 2.051652 0.071155
1.923424 2.115766 0.064295
1.923424 2.179881 0.057367
1.923424 2.243995 0.050541
1.923424 2.308109 0.043967
1.923424 2.372223 0.037764
1.923424 2.436337 0.032024
1.923424 2.500451 0.026805
1.923424 2.564565 0.022139
1.923424 2.628680 0.018030
1.923424 2.692794 0.014460
1.923424 2.756908 0.011391
1.923424 2.821022 0.008771
1.923424 2.885136 0.006538
1.923424 2.949250 0.004622
1.923424 3.013364 0.002946
1.923424 3.077479 0.001432
1.923424 3.141593 0.000000
1.987538 0.000000 0.000000
1.987538 0.064114 0.001328
1.987538 0.128228 0.002731
1.987538 0.192342 0.004284
1.987538 0.256457 0.006060
1.987538 0.320571 0.008129
1.987538 0.384685 0.010557
1.987538 0.448799 0.013401
1.987538 0.512913 0.016710
1.987538 0.577027 0.020518
1.987538 0.641141 0.024843
1.987538 0.705255 0.029679
1.987538 0.769370 0.034999
1.987538 0.833484 0.040747
1.987538 0.897598 0.046840
1.987538 0.961712 0.053166
1.987538 1.025826 0.059588
1.987538 1.089940 0.065945
1.987538 1.154054 0.072063
1.987538 1.218169 0.077758
1.987538 1.282283 0.082847
1.987538 1.346397 0.087158
1.987538 1.410511 0.090538
1.987538 1.474625 0.092864
1.987538 1.538739 0.094049
1.987538 1.602853 0.094049
1.987538 1.666968 0.092864
1.987538 1.731082 0.090538
1.987538 1.795196 0.087158
1.987538 1.859310 0.082847
1.987538 1.923424 0.077758
1.987538 1.987538 0.072063
1.987538 2.051652 0.065945
1.987538 2.115766 0.059588
1.987538 2.179881 0.053166
1.987538 2.243995 0.046840
1.987538 2.308109 0.040747
1.987538 2.372223 0.034999
1.987538 2.436337 0.029679
1.987538 2.500451 0.024843
1.987538 2.564565 0.020518
1.987538 2.628680 0.016710
1.987538 2.692794 0.013401
1.987538 2.756908 0.010557
1.987538 2.821022 0.008129
1.987538 2.885136 0.006060
1.987538 2.949250 0.004284
1.987538 3.013364 0.002731
1.987538 3.077479 0.001328
1.987538 3.141593 0.000000
2.051652 0.000000 0.000000
2.051652 0.064114 0.001215
2.051652 0.128228 0.002499
2.051652 0.192342 0.003920
2.051652 0.256457 0.005545
2.051652 0.320571 0.007439
2.051652 0.384685 0.009661
2.051652 0.448799 0.012264
2.051652 0.512913 0.015292
2.051652 0.577027 0.018777
2.051652 0.641141 0.022735
2.051652 0.705255 0.027160
2.051652 0.769370 0.032029
2.051652 0.833484 0.037290
2.051652 0.897598 0.042865
2.051652 0.961712 0.048654
2.051652 1.025826 0.054531
2.051652 1.089940 0.060349
2.051652 1.154054 0.065948
2.051652 1.218169 0.071159
2.051652 1.282283 0.075816
2.051652 1.346397 0.079761
2.051652 1.410511 0.082855
2.051652 1.474625 0.084983
2.051652 1.538739 0.086068
2.051652 1.602853 0.086068
2.051652 1.666968 0.084983
2.051652 1.731082 0.082855
2.051652 1.795196 0.079761
2.051652 1.859310 0.075816
2.051652 1.923424 0.071159
2.051652 1.987538 0.065948
2.051652 2.051652 0.060349
2.051652 2.115766 0.054531
2.051652 2.179881 0.048654
2.051652 2.243995 0.042865
2.051652 2.308109 0.037290
2.051652 2.372223 0.032029
2.051652 2.436337 0.027160
2.051652 2.500451 0.022735
2.051652 2.564565 0.018777
2.051652 2.628680 0.015292
2.051652 2.692794 0.012264
2.051652 2.756908 0.009661
2.051652 2.821022 0.007439
2.051652 2.885136 0.005545
2.051652 2.949250 0.003920
2.051652 3.013364 0.002499
2.051652 3.077479 0.001215
2.051652 3.141593 0.000000
2.115766 0.000000 0.000000
2.115766 0.064114 0.001098
2.115766 0.128228 0.002258
2.115766 0.192342 0.003542
2.115766 0.256457 0.005011
2.115766 0.320571 0.006722
2.115766 0.384685 0.008730
2.115766 0.448799 0.011082
2.115766 0.512913 0.013819
2.115766 0.577027 0.016968
2.115766 0.641141 0.020544
2.115766 0.705255 0.024544
2.115766 0.769370 0.028943
2.115766 0.833484 0.033697
2.115766 0.897598 0.038736
2.115766 0.961712 0.043967
2.115766 1.025826 0.049277
2.115766 1.089940 0.054535
2.115766 1.154054 0.059594
2.115766 1.218169 0.064304
2.115766 1.282283 0.068512
2.115766 1.346397 0.072077
2.115766 1.410511 0.074872
2.115766 1.474625 0.076796
2.115766 1.538739 0.077776
2.115766 1.602853 0.077776
2.115766 1.666968 0.076796
2.115766 1.731082 0.074872
2.115766 1.795196 0.072077
2.115766 1.859310 0.068512
2.115766 1.923424 0.064304
2.115766 1.987538 0.059594
2.115766 2.051652 0.054535
2.115766 2.115766 0.049277
2.115766 2.179881 0.043967
2.115766 2.243995 0.038736
2.115766 2.308109 0.033697
2.115766 2.372223 0.028943
2.115766 2.436337 0.024544
2.115766 2.500451 0.020544
2.115766 2.564565 0.016968
2.115766 2.628680 0.013819
2.115766 2.692794 0.011082
2.115766 2.756908 0.008730
2.115766 2.821022 0.006722
2.115766 2.885136 0.005011
2.115766 2.949250 0.003542
2.115766 3.013364 0.002258
2.115766 3.077479 0.001098
2.115766 3.141593 0.000000
2.179881 0.000000 0.000000
2.179881 0.064114 0.000980
2.179881 0.128228 0.002015
2.179881 0.192342 0.003161
2.179881 0.256457 0.004472
2.179881 0.320571 0.005999
2.179881 0.384685 0.007790
2.179881 0.448799 0.009889
2.179881 0.512913 0.012331
2.179881 0.577027 0.015141
2.179881 0.641141 0.018333
2.179881 0.705255 0.021902
2.179881 0.769370 0.025828
2.179881 0.833484 0.030069
2.179881 0.897598 0.034566
2.179881 0.961712 0.039234
2.179881 1.025826 0.043973
2.179881 1.089940 0.048664
2.179881 1.154054 0.053179
2.179881 1.218169 0.057381
2.179881 1.282283 0.061137
2.179881 1.346397 0.064318
2.179881 1.410511 0.066812
2.179881 1.474625 0.068529
2.179881 1.538739 0.069403
2.179881 1.602853 0.069403
2.179881 1.666968 0.068529
2.179881 1.731082 0.066812
2.179881 1.795196 0.064318
2.179881 1.859310 0.061137
2.179881 1.923424 0.057381
2.179881 1.987538 0.053179
2.179881 2.051652 0.048664
2.179881 2.115766 0.043973
2.179881 2.179881 0.039234
2.179881 2.243995 0.034566
2.179881 2.308109 0.030069
2.179881 2.372223 0.025828
2.179881 2.436337 0.021902
2.179881 2.500451 0.018333
2.179881 2.564565 0.015141
2.179881 2.628680 0.012331
2.179881 2.692794 0.009889
2.179881 2.756908 0.007790
2.179881 2.821022 0.005999
2.179881 2.885136 0.004472
2.179881 2.949250 0.003161
2.179881 3.013364 0.002015
2.179881 3.077479 0.000980
2.179881 3.141593 0.000000
2.243995 0.000000 0.000000
2.243995 0.064114 0.000863
2.243995 0.128228 0.001776
2.243995 0.192342 0.002786
2.243995 0.256457 0.003941
2.243995 0.320571 0.005286
2.243995 0.384685 0.006865
2.243995 0.448799 0.008715
2.243995 0.512913 0.010866
2.243995 0.577027 0.013343
2.243995 0.641141 0.016155
2.243995 0.705255 0.019300
2.243995 0.769370 0.022760
2.243995 0.833484 0.026498
2.243995 0.897598 0.030460
2.243995 0.961712 0.034574
2.243995 1.025826 0.038749
2.243995 1.089940 0.042883
2.243995 1.154054 0.046862
2.243995 1.218169 0.050565
2.243995 1.282283 0.053875
2.243995 1.346397 0.056678
2.243995 1.410511 0.058876
2.243995 1.474625 0.060389
2.243995 1.538739 0.061159
2.243995 1.602853 0.061159
2.243995 1.666968 0.060389
2.243995 1.731082 0.058876
2.243995 1.795196 0.056678
2.243995 1.859310 0.053875
2.243995 1.923424 0.050565
2.243995 1.987538 0.046862
2.243995 2.051652 0.042883
2.243995 2.115766 0.038749
2.243995 2.179881 0.034574
2.243995 2.243995 0.030460
2.243995 2.308109 0.026498
2.243995 2.372223 0.022760
2.243995 2.436337 0.019300
2.243995 2.500451 0.016155
2.243995 2.564565 0.013343
2.243995 2.628680 0.010866
2.243995 2.692794 0.008715
2.243995 2.756908 0.006865
2.243995 2.821022 0.005286
2.243995 2.885136 0.003941
2.243995 2.949250 0.002786
2.243995 3.013364 0.001776
2.243995 3.077479 0.000863
2.243995 3.141593 0.000000
2.308109 0.000000 0.000000
2.308109 0.064114 0.000751
2.308109 0.128228 0.001545
2.308109 0.192342 0.002424
2.308109 0.256457 0.003429
2.308109 0.320571 0.004600
2.308109 0.384685 0.005974
2.308109 0.448799 0.007584
2.308109 0.512913 0.009457
2.308109 0.577027 0.011612
2.308109 0.641141 0.014059
2.308109 0.705255 0.016796
2.308109 0.769370 0.019807
2.308109 0.833484 0.023060
2.308109 0.897598 0.026509
2.308109 0.961712 0.030089
2.308109 1.025826 0.033723
2.308109 1.089940 0.037321
2.308109 1.154054 0.040783
2.308109 1.218169 0.044006
2.308109 1.282283 0.046886
2.308109 1.346397 0.049326
2.308109 1.410511 0.051239
2.308109 1.474625 0.052555
2.308109 1.538739 0.053226
2.308109 1.602853 0.053226
2.308109 1.666968 0.052555
2.308109 1.731082 0.051239
2.308109 1.795196 0.049326
2.308109 1.859310 0.046886
2.308109 1.923424 0.044006
2.308109 1.987538 0.040783
2.308109 2.051652 0.037321
2.308109 2.115766 0.033723
2.308109 2.179881 0.030089
2.308109 2.243995 0.026509
2.308109 2.308109 0.023060
2.308109 2.372223 0.019807
2.308109 2.436337 0.016796
2.308109 2.500451 0.014059
2.308109 2.564565 0.011612
2.308109 2.628680 0.009457
2.308109 2.692794 0.007584
2.308109 2.756908 0.005974
2.308109 2.821022 0.004600
2.308109 2.885136 0.003429
2.308109 2.949250 0.002424
2.308109 3.013364 0.001545
2.308109 3.077479 0.000751
2.308109 3.141593 0.000000
2.372223 0.000000 0.000000
2.372223 0.064114 0.000646
2.372223 0.128228 0.001328
2.372223 0.192342 0.002084
2.372223 0.256457 0.002948
2.372223 0.320571 0.003954
2.372223 0.384685 0.005135
2.372223 0.448799 0.006519
2.372223 0.512913 0.008129
2.372223 0.577027 0.009981
2.372223 0.641141 0.012085
2.372223 0.705255 0.014438
2.372223 0.769370 0.017026
2.372223 0.833484 0.019822
2.372223 0.897598 0.022786
2.372223 0.961712 0.025864
2.372223 1.025826 0.028987
2.372223 1.089940 0.032080
2.372223 1.154054 0.035056
2.372223 1.218169 0.037827
2.372223 1.282283 0.040302
2.372223 1.346397 0.042399
2.372223 1.410511 0.044044
2.372223 1.474625 0.045175
2.372223 1.538739 0.045752
2.372223 1.602853 0.045752
2.372223 1.666968 0.045175
2.372223 1.731082 0.044044
2.372223 1.795196 0.042399
2.372223 1.859310 0.040302
2.372223 1.923424 0.037827
2.372223 1.987538 0.035056
2.372223 2.051652 0.032080
2.372223 2.115766 0.028987
2.372223 2.179881 0.025864
2.372223 2.243995 0.022786
2.372223 2.308109 0.019822
2.372223 2.372223 0.017026
2.372223 2.436337 0.014438
2.372223 2.500451 0.012085
2.372223 2.564565 0.009981
2.372223 2.628680 0.008129
2.372223 2.692794 0.006519
2.372223 2.756908 0.005135
2.372223 2.821022 0.003954
2.372223 2.885136 0.002948
2.372223 2.949250 0.002084
2.372223 3.013364 0.001328
2.372223 3.077479 0.000646
2.372223 3.141593 0.000000
2.436337 0.000000 0.000000
2.436337 0.064114 0.000548
2.436337 0.128228 0.001128
2.436337 0.192342 0.001769
2.436337 0.256457 0.002503
2.436337 0.320571 0.003358
2.436337 0.384685 0.004361
2.436337 0.448799 0.005536
2.436337 0.512913 0.006903
2.436337 0.577027 0.008476
2.436337 0.641141 0.010262
2.436337 0.705255 0.012260
2.436337 0.769370 0.014458
2.436337 0.833484 0.016832
2.436337 0.897598 0.019349
2.436337 0.961712 0.021962
2.436337 1.025826 0.024615
2.436337 1.089940 0.027241
2.436337 1.154054 0.029768
2.436337 1.218169 0.032121
2.436337 1.282283 0.034223
2.436337 1.346397 0.036004
2.436337 1.410511 0.037400
2.436337 1.474625 0.038361
2.436337 1.538739 0.038851
2.436337 1.602853 0.038851
2.436337 1.666968 0.038361
2.436337 1.731082 0.037400
2.436337 1.795196 0.036004
2.436337 1.859310 0.034223
2.436337 1.923424 0.032121
2.436337 1.987538 0.029768
2.436337 2.051652 0.027241
2.436337 2.115766 0.024615
2.436337 2.179881 0.021962
2.436337 2.243995 0.019349
2.436337 2.308109 0.016832
2.436337 2.372223 0.014458
2.436337 2.436337 0.012260
2.436337 2.500451 0.010262
2.436337 2.564565 0.008476
2.436337 2.628680 0.006903
2.436337 2.692794 0.005536
2.436337 2.756908 0.004361
2.436337 2.821022 0.003358
2.436337 2.885136 0.002503
2.436337 2.949250 0.001769
2.436337 3.013364 0.001128
2.436337 3.077479 0.000548
2.436337 3.141593 0.000000
2.500451 0.000000 0.000000
2.500451 0.064114 0.000460
2.500451 0.128228 0.000947
2.500451 0.192342 0.001485
2.500451 0.256457 0.002101
2.500451 0.320571 0.002818
2.500451 0.384685 0.003659
2.500451 0.448799 0.004645
2.500451 0.512913 0.005792
2.500451 0.577027 0.007113
2.500451 0.641141 0.008612
2.500451 0.705255 0.010288
2.500451 0.769370 0.012132
2.500451 0.833484 0.014125
2.500451 0.897598 0.016237
2.500451 0.961712 0.018430
2.500451 1.025826 0.020656
2.500451 1.089940 0.022859
2.500451 1.154054 0.024980
2.500451 1.218169 0.026954
2.500451 1.282283 0.028718
2.500451 1.346397 0.030213
2.500451 1.410511 0.031384
2.500451 1.474625 0.032191
2.500451 1.538739 0.032601
2.500451 1.602853 0.032601
2.500451 1.666968 0.032191
2.500451 1.731082 0.031384
2.500451 1.795196 0.030213
2.500451 1.859310 0.028718
2.500451 1.923424 0.026954
2.500451 1.987538 0.024980
2.500451 2.051652 0.022859
2.500451 2.115766 0.020656
2.500451 2.179881 0.018430
2.500451 2.243995 0.016237
2.500451 2.308109 0.014125
2.500451 2.372223 0.012132
2.500451 2.436337 0.010288
2.500451 2.500451 0.008612
2.500451 2.564565 0.007113
2.500451 2.628680 0.005792
2.500451 2.692794 0.004645
2.500451 2.756908 0.003659
2.500451 2.821022 0.002818
2.500451 2.885136 0.002101
2.500451 2.949250 0.001485
2.500451 3.013364 0.000947
2.500451 3.077479 0.000460
2.500451 3.141593 0.000000
2.564565 0.000000 0.000000
2.564565 0.064114 0.000382
2.564565 0.128228 0.000785
2.564565 0.192342 0.001232
2.564565 0.256457 0.001743
2.564565 0.320571 0.002338
2.564565 0.384685 0.003036
2.564565 0.448799 0.003854
2.564565 0.512913 0.004806
2.564565 0.577027 0.005901
2.564565 0.641141 0.007145
2.564565 0.705255 0.008536
2.564565 0.769370 0.010066
2.564565 0.833484 0.011720
2.564565 0.897598 0.013472
2.564565 0.961712 0.015292
2.564565 1.025826 0.017138
2.564565 1.089940 0.018967
2.564565 1.154054 0.020727
2.564565 1.218169 0.022365
2.564565 1.282283 0.023828
2.564565 1.346397 0.025068
2.564565 1.410511 0.026040
2.564565 1.474625 0.026709
2.564565 1.538739 0.027050
2.564565 1.602853 0.027050
2.564565 1.666968 0.026709
2.564565 1.731082 0.026040
2.564565 1.795196 0.025068
2.564565 1.859310 0.023828
2.564565 1.923424 0.022365
2.564565 1.987538 0.020727
2.564565 2.051652 0.018967
2.564565 2.115766 0.017138
2.564565 2.179881 0.015292
2.564565 2.243995 0.013472
2.564565 2.308109 0.011720
2.564565 2.372223 0.010066
2.564565 2.436337 0.008536
2.564565 2.500451 0.007145
2.564565 2.564565 0.005901
2.564565 2.628680 0.004806
2.564565 2.692794 0.003854
2.564565 2.756908 0.003036
2.564565 2.821022 0.002338
2.564565 2.885136 0.001743
2.564565 2.949250 0.001232
2.564565 3.013364 0.000785
2.564565 3.077479 0.000382
2.564565 3.141593 0.000000
2.628680 0.000000 0.000000
2.628680 0.064114 0.000314
2.628680 0.128228 0.000645
2.628680 0.192342 0.001012
2.628680 0.256457 0.001431
2.628680 0.320571 0.001920
2.628680 0.384685 0.002494
2.628680 0.448799 0.003165
2.628680 0.512913 0.003947
2.628680 0.577027 0.004847
2.628680 0.641141 0.005868
2.628680 0.705255 0.007010
2.628680 0.769370 0.008267
2.628680 0.833484 0.009625
2.628680 0.897598 0.011064
2.628680 0.961712 0.012558
2.628680 1.025826 0.014075
2.628680 1.089940 0.015577
2.628680 1.154054 0.017022
2.628680 1.218169 0.018367
2.628680 1.282283 0.019569
2.628680 1.346397 0.020587
2.628680 1.410511 0.021386
2.628680 1.474625 0.021935
2.628680 1.538739 0.022215
2.628680 1.602853 0.022215
2.628680 1.666968 0.021935
2.628680 1.731082 0.021386
2.628680 1.795196 0.020587
2.628680 1.859310 0.019569
2.628680 1.923424 0.018367
2.628680 1.987538 0.017022
2.628680 2.051652 0.015577
2.628680 2.115766 0.014075
2.628680 2.179881 0.012558
2.628680 2.243995 0.011064
2.628680 2.308109 0.009625
2.628680 2.372223 0.008267
2.628680 2.436337 0.007010
2.628680 2.500451 0.005868
2.628680 2.564565 0.004847
2.628680 2.628680 0.003947
2.628680 2.692794 0.003165
2.628680 2.756908 0.002494
2.628680 2.821022 0.001920
2.628680 2.885136 0.001431
2.628680 2.949250 0.001012
2.628680 3.013364 0.000645
2.628680 3.077479 0.000314
2.628680 3.141593 0.000000
2.692794 0.000000 0.000000
2.692794 0.064114 0.000255
2.692794 0.128228 0.000525
2.692794 0.192342 0.000824
2.692794 0.256457 0.001166
2.692794 0.320571 0.001564
2.692794 0.384685 0.002031
2.692794 0.448799 0.002578
2.692794 0.512913 0.003214
2.692794 0.577027 0.003947
2.692794 0.641141 0.004778
2.692794 0.705255 0.005709
2.692794 0.769370 0.006732
2.692794 0.833484 0.007838
2.692794 0.897598 0.009010
2.692794 0.961712 0.010226
2.692794 1.025826 0.011462
2.692794 1.089940 0.012684
2.692794 1.154054 0.013861
2.692794 1.218169 0.014957
2.692794 1.282283 0.015936
2.692794 1.346397 0.016765
2.692794 1.410511 0.017415
2.692794 1.474625 0.017862
2.692794 1.538739 0.018090
2.692794 1.602853 0.018090
2.692794 1.666968 0.017862
2.692794 1.731082 0.017415
2.692794 1.795196 0.016765
2.692794 1.859310 0.015936
2.692794 1.923424 0.014957
2.692794 1.987538 0.013861
2.692794 2.051652 0.012684
2.692794 2.115766 0.011462
2.692794 2.179881 0.010226
2.692794 2.243995 0.009010
2.692794 2.308109 0.007838
2.692794 2.372223 0.006732
2.692794 2.436337 0.005709
2.692794 2.500451 0.004778
2.692794 2.564565 0.003947
2.692794 2.628680 0.003214
2.692794 2.692794 0.002578
2.692794 2.756908 0.002031
2.692794 2.821022 0.001564
2.692794 2.885136 0.001166
2.692794 2.949250 0.000824
2.692794 3.013364 0.000525
2.692794 3.077479 0.000255
2.692794 3.141593 0.000000
2.756908 0.000000 0.000000
2.756908 0.064114 0.000207
2.756908 0.128228 0.000425
2.756908 0.192342 0.000667
2.756908 0.256457 0.000944
2.756908 0.320571 0.001267
2.756908 0.384685 0.001645
2.756908 0.448799 0.002088
2.756908 0.512913 0.002604
2.756908 0.577027 0.003197
2.756908 0.641141 0.003871
2.756908 0.705255 0.004624
2.756908 0.769370 0.005453
2.756908 0.833484 0.006349
2.756908 0.897598 0.007298
2.756908 0.961712 0.008284
2.756908 1.025826 0.009284
2.756908 1.089940 0.010275
2.756908 1.154054 0.011228
2.756908 1.218169 0.012116
2.756908 1.282283 0.012909
2.756908 1.346397 0.013580
2.756908 1.410511 0.014107
2.756908 1.474625 0.014469
2.756908 1.538739 0.014654
2.756908 1.602853 0.014654
2.756908 1.666968 0.014469
2.756908 1.731082 0.014107
2.756908 1.795196 0.013580
2.756908 1.859310 0.012909
2.756908 1.923424 0.012116
2.756908 1.987538 0.011228
2.756908 2.051652 0.010275
2.756908 2.115766 0.009284
2.756908 2.179881 0.008284
2.756908 2.243995 0.007298
2.756908 2.308109 0.006349
2.756908 2.372223 0.005453
2.756908 2.436337 0.004624
2.756908 2.500451 0.003871
2.756908 2.564565 0.003197
2.756908 2.628680 0.002604
2.756908 2.692794 0.002088
2.756908 2.756908 0.001645
2.756908 2.821022 0.001267
2.756908 2.885136 0.000944
2.756908 2.949250 0.000667
2.756908 3.013364 0.000425
2.756908 3.077479 0.000207
2.756908 3.141593 0.000000
2.821022 0.000000 0.000000
2.821022 0.064114 0.000168
2.821022 0.128228 0.000345
2.821022 0.192342 0.000541
2.821022 0.256457 0.000765
2.821022 0.320571 0.001026
2.821022 0.384685 0.001333
2.821022 0.448799 0.001692
2.821022 0.512913 0.002110
2.821022 0.577027 0.002590
2.821022 0.641141 0.003136
2.821022 0.705255 0.003747
2.821022 0.769370 0.004418
2.821022 0.833484 0.005144
2.821022 0.897598 0.005913
2.821022 0.961712 0.006712
2.821022 1.025826 0.007522
2.821022 1.089940 0.008325
2.821022 1.154054 0.009097
2.821022 1.218169 0.009816
2.821022 1.282283 0.010459
2.821022 1.346397 0.011003
2.821022 1.410511 0.011430
2.821022 1.474625 0.011723
2.821022 1.538739 0.011873
2.821022 1.602853 0.011873
2.821022 1.666968 0.011723
2.821022 1.731082 0.011430
2.821022 1.795196 0.011003
2.821022 1.859310 0.010459
2.821022 1.923424 0.009816
2.821022 1.987538 0.009097
2.821022 2.051652 0.008325
2.821022 2.115766 0.007522
2.821022 2.179881 0.006712
2.821022 2.243995 0.005913
2.821022 2.308109 0.005144
2.821022 2.372223 0.004418
2.821022 2.436337 0.003747
2.821022 2.500451 0.003136
2.821022 2.564565 0.002590
2.821022 2.628680 0.002110
2.821022 2.692794 0.001692
2.821022 2.756908 0.001333
2.821022 2.821022 0.001026
2.821022 2.885136 0.000765
2.821022 2.949250 0.000541
2.821022 3.013364 0.000345
2.821022 3.077479 0.000168
2.821022 3.141593 0.000000
2.885136 0.000000 0.000000
2.885136 0.064114 0.000137
2.885136 0.128228 0.000282
2.885136 0.192342 0.000442
2.885136 0.256457 0.000626
2.885136 0.320571 0.000839
2.885136 0.384685 0.001090
2.885136 0.448799 0.001383
2.885136 0.512913 0.001725
2.885136 0.577027 0.002118
2.885136 0.641141 0.002565
2.885136 0.705255 0.003064
2.885136 0.769370 0.003613
2.885136 0.833484 0.004207
2.885136 0.897598 0.004836
2.885136 0.961712 0.005489
2.885136 1.025826 0.006152
2.885136 1.089940 0.006808
2.885136 1.154054 0.007439
2.885136 1.218169 0.008027
2.885136 1.282283 0.008553
2.885136 1.346397 0.008998
2.885136 1.410511 0.009347
2.885136 1.474625 0.009587
2.885136 1.538739 0.009709
2.885136 1.602853 0.009709
2.885136 1.666968 0.009587
2.885136 1.731082 0.009347
2.885136 1.795196 0.008998
2.885136 1.859310 0.008553
2.885136 1.923424 0.008027
2.885136 1.987538 0.007439
2.885136 2.051652 0.006808
2.885136 2.115766 0.006152
2.885136 2.179881 0.005489
2.885136 2.243995 0.004836
2.885136 2.308109 0.004207
2.885136 2.372223 0.003613
2.885136 2.436337 0.003064
2.885136 2.500451 0.002565
2.885136 2.564565 0.002118
2.885136 2.628680 0.001725
2.885136 2.692794 0.001383
2.885136 2.756908 0.001090
2.885136 2.821022 0.000839
2.885136 2.885136 0.000626
2.885136 2.949250 0.000442
2.885136 3.013364 0.000282
2.885136 3.077479 0.000137
2.885136 3.141593 0.000000
2.949250 0.000000 0.000000
2.949250 0.064114 0.000115
2.949250 0.128228 0.000236
2.949250 0.192342 0.000370
2.949250 0.256457 0.000524
2.949250 0.320571 0.000702
2.949250 0.384685 0.000912
2.949250 0.448799 0.001158
2.949250 0.512913 0.001444
2.949250 0.577027 0.001773
2.949250 0.641141 0.002146
2.949250 0.705255 0.002564
2.949250 0.769370 0.003024
2.949250 0.833484 0.003520
2.949250 0.897598 0.004047
2.949250 0.961712 0.004593
2.949250 1.025826 0.005148
2.949250 1.089940 0.005697
2.949250 1.154054 0.006226
2.949250 1.218169 0.006718
2.949250 1.282283 0.007158
2.949250 1.346397 0.007530
2.949250 1.410511 0.007822
2.949250 1.474625 0.008023
2.949250 1.538739 0.008125
2.949250 1.602853 0.008125
2.949250 1.666968 0.008023
2.949250 1.731082 0.007822
2.949250 1.795196 0.007530
2.949250 1.859310 0.007158
2.949250 1.923424 0.006718
2.949250 1.987538 0.006226
2.949250 2.051652 0.005697
2.949250 2.115766 0.005148
2.949250 2.179881 0.004593
2.949250 2.243995 0.004047
2.949250 2.308109 0.003520
2.949250 2.372223 0.003024
2.949250 2.436337 0.002564
2.949250 2.500451 0.002146
2.949250 2.564565 0.001773
2.949250 2.628680 0.001444
2.949250 2.692794 0.001158
2.949250 2.756908 0.000912
2.949250 2.821022 0.000702
2.949250 2.885136 0.000524
2.949250 2.949250 0.000370
2.949250 3.013364 0.000236
2.949250 3.077479 0.000115
2.949250 3.141593 0.000000
3.013364 0.000000 0.000000
3.013364 0.064114 0.000100
3.013364 0.128228 0.000206
3.013364 0.192342 0.000323
3.013364 0.256457 0.000457
3.013364 0.320571 0.000613
3.013364 0.384685 0.000796
3.013364 0.448799 0.001010
3.013364 0.512913 0.001260
3.013364 0.577027 0.001547
3.013364 0.641141 0.001873
3.013364 0.705255 0.002237
3.013364 0.769370 0.002638
3.013364 0.833484 0.003071
3.013364 0.897598 0.003531
3.013364 0.961712 0.004008
3.013364 1.025826 0.004492
3.013364 1.089940 0.004971
3.013364 1.154054 0.005432
3.013364 1.218169 0.005861
3.013364 1.282283 0.006245
3.013364 1.346397 0.006570
3.013364 1.410511 0.006825
3.013364 1.474625 0.007000
3.013364 1.538739 0.007089
3.013364 1.602853 0.007089
3.013364 1.666968 0.007000
3.013364 1.731082 0.006825
3.013364 1.795196 0.006570
3.013364 1.859310 0.006245
3.013364 1.923424 0.005861
3.013364 1.987538 0.005432
3.013364 2.051652 0.004971
3.013364 2.115766 0.004492
3.013364 2.179881 0.004008
3.013364 2.243995 0.003531
3.013364 2.308109 0.003071
3.013364 2.372223 0.002638
3.013364 2.436337 0.002237
3.013364 2.500451 0.001873
3.013364 2.564565 0.001547
3.013364 2.628680 0.001260
3.013364 2.692794 0.001010
3.013364 2.756908 0.000796
3.013364 2.821022 0.000613
3.013364 2.885136 0.000457
3.013364 2.949250 0.000323
3.013364 3.013364 0.000206
3.013364 3.077479 0.000100
3.013364 3.141593 0.000000
3.077479 0.000000 0.000000
3.077479 0.064114 0.000093
3.077479 0.128228 0.000191
3.077479 0.192342 0.000300
3.077479 0.256457 0.000424
3.077479 0.320571 0.000568
3.077479 0.384685 0.000738
3.077479 0.448799 0.000937
3.077479 0.512913 0.001169
3.077479 0.577027 0.001435
3.077479 0.641141 0.001737
3.077479 0.705255 0.002076
3.077479 0.769370 0.002448
3.077479 0.833484 0.002850
3.077479 0.897598 0.003276
3.077479 0.961712 0.003718
3.077479 1.025826 0.004167
3.077479 1.089940 0.004612
3.077479 1.154054 0.005040
3.077479 1.218169 0.005438
3.077479 1.282283 0.005794
3.077479 1.346397 0.006095
3.077479 1.410511 0.006332
3.077479 1.474625 0.006495
3.077479 1.538739 0.006577
3.077479 1.602853 0.006577
3.077479 1.666968 0.006495
3.077479 1.731082 0.006332
3.077479 1.795196 0.006095
3.077479 1.859310 0.005794
3.077479 1.923424 0.005438
3.077479 1.987538 0.005040
3.077479 2.051652 0.004612
3.077479 2.115766 0.004167
3.077479 2.179881 0.003718
3.077479 2.243995 0.003276
3.077479 2.308109 0.002850
3.077479 2.372223 0.002448
3.077479 2.436337 0.002076
3.077479 2.500451 0.001737
3.077479 2.564565 0.001435
3.077479 2.628680 0.001169
3.077479 2.692794 0.000937
3.077479 2.756908 0.000738
3.077479 2.821022 0.000568
3.077479 2.885136 0.000424
3.077479 2.949250 0.000300
3.077479 3.013364 0.000191
3.077479 3.077479 0.000093
3.077479 3.141593 0.000000
3.141593 0.000000 0.000000
3.141593 0.064114 0.000087
3.141593 0.128228 0.000179
3.141593 0.192342 0.000281
3.141593 0.256457 0.000398
3.141593 0.320571 0.000535
3.141593 0.384685 0.000696
3.141593 0.448799 0.000886
3.141593 0.512913 0.001107
3.141593 0.577027 0.001363
3.141593 0.641141 0.001654
3.141593 0.705255 0.001980
3.141593 0.769370 0.002340
3.141593 0.833484 0.002729
3.141593 0.897598 0.003143
3.141593 0.961712 0.003573
3.141593 1.025826 0.004010
3.141593 1.089940 0.004444
3.141593 1.154054 0.004862
3.141593 1.218169 0.005251
3.141593 1.282283 0.005599
3.141593 1.346397 0.005894
3.141593 1.410511 0.006125
3.141593 1.474625 0.006285
3.141593 1.538739 0.006366
3.141593 1.602853 0.006366
3.141593 1.666968 0.006285
3.141593 1.731082 0.006125
3.141593 1.795196 0.005894
3.141593 1.859310 0.005599
3.141593 1.923424 0.005251
3.141593 1.987538 0.004862
3.141593 2.051652 0.004444
3.141593 2.115766 0.004010
3.141593 2.179881 0.003573
3.141593 2.243995 0.003143
3.141593 2.308109 0.002729
3.141593 2.372223 0.002340
3.141593 2.436337 0.001980
3.141593 2.500451 0.001654
3.141593 2.564565 0.001363
3.141593 2.628680 0.001107
3.141593 2.692794 0.000886
3.141593 2.756908 0.000696
3.141593 2.821022 0.000535
3.141593 2.885136 0.000398
3.141593 2.949250 0.000281
3.141593 3.013364 0.000179
3.141593 3.077479 0.000087
3.141593 3.141593 0.000000
